<?xml version="1.0" encoding="UTF-8"?>
<testsuites name="TS01-CuraKatalon" time="26" tests="3" failures="0" errors="0">
   <testsuite name="TS01-CuraKatalon" tests="3" failures="0" errors="0" time="26" timestamp="2018-12-18 20:30:27" hostname="Aluno - DEVSL02.supera.com.br" id="Test Suites/TS01-CuraKatalon">
      <properties>
         <property name="deviceName" value=""/>
         <property name="devicePlatform" value=""/>
         <property name="logFolder" value="C:\\Users\\aluno\\Katalon Studio\\Teste\\Reports\\TS01-CuraKatalon\\20181218_203024"/>
         <property name="logFiles" value="C:\\Users\\aluno\\Katalon Studio\\Teste\\Reports\\TS01-CuraKatalon\\20181218_203024\\execution0.log"/>
         <property name="attachments" value=""/>
         <property name="hostName" value="Aluno - DEVSL02.supera.com.br"/>
         <property name="os" value="Windows 10 64bit"/>
         <property name="katalonVersion" value="5.9.1.2"/>
         <property name="browser" value="Chrome 71.0.3578.98"/>
         <property name="hostAddress" value="172.19.96.1"/>
         <property name="sessionId" value="c8e7c0cea3b2c3a1afca5b9c18b5c242"/>
         <property name="seleniumVersion" value="3.7.1"/>
         <property name="proxyInformation" value="ProxyInformation{proxyOption=NO_PROXY, proxyServerType=HTTP, password=, proxyServerAddress=, proxyServerPort=0}"/>
         <property name="platform" value="Windows 10"/>
      </properties>
      <testcase name="Test Cases/TC01-login" classname="Test Cases/TC01-login" status="PASSED">
         <system-out><![CDATA[2018-12-18 20:30:27 - [TEST_CASE][PASSED] - Test Cases/TC01-login: Test Cases/TC01-login

2018-12-18 20:30:27 - [TEST_STEP][PASSED] - openBrowser(""): Browser is opened with url: ''

2018-12-18 20:30:28 - [MESSAGE][INFO] - Starting 'Chrome' driver

2018-12-18 20:30:28 - [MESSAGE][INFO] - Action delay is set to 0 seconds

2018-12-18 20:30:31 - [MESSAGE][PASSED] - Browser is opened with url: ''

2018-12-18 20:30:31 - [TEST_STEP][PASSED] - navigateToUrl("https://katalon-demo-cura.herokuapp.com/"): Navigate to 'https://katalon-demo-cura.herokuapp.com/' successfully

2018-12-18 20:30:34 - [MESSAGE][PASSED] - Navigate to 'https://katalon-demo-cura.herokuapp.com/' successfully

2018-12-18 20:30:34 - [TEST_STEP][PASSED] - click(findTestObject("Object Repository/Hands on teste/Page_CURA Healthcare Service/i_CURA Healthcare_fa fa-bars (1) (1)")): Object: 'Object Repository/Hands on teste/Page_CURA Healthcare Service/i_CURA Healthcare_fa fa-bars (1) (1)' is clicked on

2018-12-18 20:30:34 - [MESSAGE][PASSED] - Object: 'Object Repository/Hands on teste/Page_CURA Healthcare Service/i_CURA Healthcare_fa fa-bars (1) (1)' is clicked on

2018-12-18 20:30:34 - [TEST_STEP][PASSED] - click(findTestObject("Object Repository/Hands on teste/Page_CURA Healthcare Service/a_Login (1)")): Object: 'Object Repository/Hands on teste/Page_CURA Healthcare Service/a_Login (1)' is clicked on

2018-12-18 20:30:34 - [MESSAGE][PASSED] - Object: 'Object Repository/Hands on teste/Page_CURA Healthcare Service/a_Login (1)' is clicked on

2018-12-18 20:30:34 - [TEST_STEP][PASSED] - setText(findTestObject("Object Repository/Hands on teste/Page_CURA Healthcare Service/input_Username_username (1) (1)"), ""): Text '' is set on object 'Object Repository/Hands on teste/Page_CURA Healthcare Service/input_Username_username (1) (1)'

2018-12-18 20:30:34 - [MESSAGE][PASSED] - Text '' is set on object 'Object Repository/Hands on teste/Page_CURA Healthcare Service/input_Username_username (1) (1)'

2018-12-18 20:30:34 - [TEST_STEP][PASSED] - setText(findTestObject("Object Repository/Hands on teste/Page_CURA Healthcare Service/input_Username_username (1) (1)"), "John Doe"): Text 'John Doe' is set on object 'Object Repository/Hands on teste/Page_CURA Healthcare Service/input_Username_username (1) (1)'

2018-12-18 20:30:34 - [MESSAGE][PASSED] - Text 'John Doe' is set on object 'Object Repository/Hands on teste/Page_CURA Healthcare Service/input_Username_username (1) (1)'

2018-12-18 20:30:34 - [TEST_STEP][PASSED] - rightClick(findTestObject("Object Repository/Hands on teste/Page_CURA Healthcare Service/input_Demo account_form-contro_1 (1) (1)")): Object: 'Object Repository/Hands on teste/Page_CURA Healthcare Service/input_Demo account_form-contro_1 (1) (1)' is right clicked on

2018-12-18 20:30:35 - [MESSAGE][PASSED] - Object: 'Object Repository/Hands on teste/Page_CURA Healthcare Service/input_Demo account_form-contro_1 (1) (1)' is right clicked on

2018-12-18 20:30:35 - [TEST_STEP][PASSED] - setEncryptedText(findTestObject("Object Repository/Hands on teste/Page_CURA Healthcare Service/input_Password_password (1) (1)"), "g3/DOGG74jC3Flrr3yH+3D/yKbOqqUNM"): Text ****** has been set on object 'Object Repository/Hands on teste/Page_CURA Healthcare Service/input_Password_password (1) (1)'

2018-12-18 20:30:35 - [MESSAGE][PASSED] - Text ****** has been set on object 'Object Repository/Hands on teste/Page_CURA Healthcare Service/input_Password_password (1) (1)'

2018-12-18 20:30:35 - [TEST_STEP][PASSED] - click(findTestObject("Object Repository/Hands on teste/Page_CURA Healthcare Service/button_Login")): Object: 'Object Repository/Hands on teste/Page_CURA Healthcare Service/button_Login' is clicked on

2018-12-18 20:30:35 - [MESSAGE][PASSED] - Object: 'Object Repository/Hands on teste/Page_CURA Healthcare Service/button_Login' is clicked on

2018-12-18 20:30:35 - [TEST_STEP][PASSED] - closeBrowser(): Browser is closed

2018-12-18 20:30:36 - [MESSAGE][PASSED] - Browser is closed]]></system-out>
         <system-err><![CDATA[]]></system-err>
      </testcase>
      <testcase name="Test Cases/TC02-MarcarConsulta" classname="Test Cases/TC02-MarcarConsulta" status="PASSED">
         <system-out><![CDATA[2018-12-18 20:30:36 - [TEST_CASE][PASSED] - Test Cases/TC02-MarcarConsulta: Test Cases/TC02-MarcarConsulta

2018-12-18 20:30:36 - [TEST_STEP][PASSED] - openBrowser(""): Browser is opened with url: ''

2018-12-18 20:30:36 - [MESSAGE][INFO] - Starting 'Chrome' driver

2018-12-18 20:30:38 - [MESSAGE][PASSED] - Browser is opened with url: ''

2018-12-18 20:30:38 - [TEST_STEP][PASSED] - navigateToUrl("https://katalon-demo-cura.herokuapp.com/"): Navigate to 'https://katalon-demo-cura.herokuapp.com/' successfully

2018-12-18 20:30:41 - [MESSAGE][PASSED] - Navigate to 'https://katalon-demo-cura.herokuapp.com/' successfully

2018-12-18 20:30:41 - [TEST_STEP][PASSED] - click(findTestObject("Object Repository/Consulta/a_Make Appointment")): Object: 'Object Repository/Consulta/a_Make Appointment' is clicked on

2018-12-18 20:30:41 - [MESSAGE][PASSED] - Object: 'Object Repository/Consulta/a_Make Appointment' is clicked on

2018-12-18 20:30:41 - [TEST_STEP][PASSED] - rightClick(findTestObject("Object Repository/Consulta/input_Demo account_form-contro")): Object: 'Object Repository/Consulta/input_Demo account_form-contro' is right clicked on

2018-12-18 20:30:41 - [MESSAGE][PASSED] - Object: 'Object Repository/Consulta/input_Demo account_form-contro' is right clicked on

2018-12-18 20:30:41 - [TEST_STEP][PASSED] - rightClick(findTestObject("Object Repository/Consulta/input_Username_username")): Object: 'Object Repository/Consulta/input_Username_username' is right clicked on

2018-12-18 20:30:41 - [MESSAGE][PASSED] - Object: 'Object Repository/Consulta/input_Username_username' is right clicked on

2018-12-18 20:30:41 - [TEST_STEP][PASSED] - setText(findTestObject("Object Repository/Consulta/input_Username_username"), "John Doe"): Text 'John Doe' is set on object 'Object Repository/Consulta/input_Username_username'

2018-12-18 20:30:41 - [MESSAGE][PASSED] - Text 'John Doe' is set on object 'Object Repository/Consulta/input_Username_username'

2018-12-18 20:30:41 - [TEST_STEP][PASSED] - rightClick(findTestObject("Object Repository/Consulta/input_Demo account_form-contro_1")): Object: 'Object Repository/Consulta/input_Demo account_form-contro_1' is right clicked on

2018-12-18 20:30:42 - [MESSAGE][PASSED] - Object: 'Object Repository/Consulta/input_Demo account_form-contro_1' is right clicked on

2018-12-18 20:30:42 - [TEST_STEP][PASSED] - setEncryptedText(findTestObject("Object Repository/Consulta/input_Password_password"), "g3/DOGG74jC3Flrr3yH+3D/yKbOqqUNM"): Text ****** has been set on object 'Object Repository/Consulta/input_Password_password'

2018-12-18 20:30:42 - [MESSAGE][PASSED] - Text ****** has been set on object 'Object Repository/Consulta/input_Password_password'

2018-12-18 20:30:42 - [TEST_STEP][PASSED] - click(findTestObject("Object Repository/Consulta/button_Login")): Object: 'Object Repository/Consulta/button_Login' is clicked on

2018-12-18 20:30:42 - [MESSAGE][PASSED] - Object: 'Object Repository/Consulta/button_Login' is clicked on

2018-12-18 20:30:42 - [TEST_STEP][PASSED] - selectOptionByValue(findTestObject("Object Repository/Consulta/select_Tokyo CURA Healthcare C"), "Hongkong CURA Healthcare Center", true): All options with value 'Hongkong CURA Healthcare Center' are selected in object 'Object Repository/Consulta/select_Tokyo CURA Healthcare C'  using regular expression

2018-12-18 20:30:42 - [MESSAGE][PASSED] - All options with value 'Hongkong CURA Healthcare Center' are selected in object 'Object Repository/Consulta/select_Tokyo CURA Healthcare C'  using regular expression

2018-12-18 20:30:42 - [TEST_STEP][PASSED] - click(findTestObject("Object Repository/Consulta/label_Apply for hospital readm")): Object: 'Object Repository/Consulta/label_Apply for hospital readm' is clicked on

2018-12-18 20:30:43 - [MESSAGE][PASSED] - Object: 'Object Repository/Consulta/label_Apply for hospital readm' is clicked on

2018-12-18 20:30:43 - [TEST_STEP][PASSED] - click(findTestObject("Object Repository/Consulta/span_Visit Date (Required)_gly")): Object: 'Object Repository/Consulta/span_Visit Date (Required)_gly' is clicked on

2018-12-18 20:30:43 - [MESSAGE][PASSED] - Object: 'Object Repository/Consulta/span_Visit Date (Required)_gly' is clicked on

2018-12-18 20:30:43 - [TEST_STEP][PASSED] - click(findTestObject("Object Repository/Consulta/td_11")): Object: 'Object Repository/Consulta/td_11' is clicked on

2018-12-18 20:30:43 - [MESSAGE][PASSED] - Object: 'Object Repository/Consulta/td_11' is clicked on

2018-12-18 20:30:43 - [TEST_STEP][PASSED] - setText(findTestObject("Object Repository/Consulta/textarea_Comment_comment"), "Consulta"): Text 'Consulta' is set on object 'Object Repository/Consulta/textarea_Comment_comment'

2018-12-18 20:30:43 - [MESSAGE][PASSED] - Text 'Consulta' is set on object 'Object Repository/Consulta/textarea_Comment_comment'

2018-12-18 20:30:43 - [TEST_STEP][PASSED] - click(findTestObject("Object Repository/Consulta/button_Book Appointment")): Object: 'Object Repository/Consulta/button_Book Appointment' is clicked on

2018-12-18 20:30:43 - [MESSAGE][PASSED] - Object: 'Object Repository/Consulta/button_Book Appointment' is clicked on

2018-12-18 20:30:43 - [TEST_STEP][PASSED] - click(findTestObject("Object Repository/Consulta/p_Go to Homepage")): Object: 'Object Repository/Consulta/p_Go to Homepage' is clicked on

2018-12-18 20:30:44 - [MESSAGE][PASSED] - Object: 'Object Repository/Consulta/p_Go to Homepage' is clicked on]]></system-out>
         <system-err><![CDATA[]]></system-err>
      </testcase>
      <testcase name="Test Cases/TC03-VerificarConsulta" classname="Test Cases/TC03-VerificarConsulta" status="PASSED">
         <system-out><![CDATA[2018-12-18 20:30:44 - [TEST_CASE][PASSED] - Test Cases/TC03-VerificarConsulta: Test Cases/TC03-VerificarConsulta

2018-12-18 20:30:44 - [TEST_STEP][PASSED] - openBrowser(""): Browser is opened with url: ''

2018-12-18 20:30:44 - [MESSAGE][WARNING] - A browser is already opened. Closing browser and opening a new one

2018-12-18 20:30:45 - [MESSAGE][INFO] - Starting 'Chrome' driver

2018-12-18 20:30:47 - [MESSAGE][PASSED] - Browser is opened with url: ''

2018-12-18 20:30:47 - [TEST_STEP][PASSED] - navigateToUrl("https://katalon-demo-cura.herokuapp.com/"): Navigate to 'https://katalon-demo-cura.herokuapp.com/' successfully

2018-12-18 20:30:49 - [MESSAGE][PASSED] - Navigate to 'https://katalon-demo-cura.herokuapp.com/' successfully

2018-12-18 20:30:49 - [TEST_STEP][PASSED] - click(findTestObject("Object Repository/Verificar/a_Make Appointment")): Object: 'Object Repository/Verificar/a_Make Appointment' is clicked on

2018-12-18 20:30:49 - [MESSAGE][PASSED] - Object: 'Object Repository/Verificar/a_Make Appointment' is clicked on

2018-12-18 20:30:49 - [TEST_STEP][PASSED] - rightClick(findTestObject("Object Repository/Verificar/input_Demo account_form-contro")): Object: 'Object Repository/Verificar/input_Demo account_form-contro' is right clicked on

2018-12-18 20:30:49 - [MESSAGE][PASSED] - Object: 'Object Repository/Verificar/input_Demo account_form-contro' is right clicked on

2018-12-18 20:30:49 - [TEST_STEP][PASSED] - rightClick(findTestObject("Object Repository/Verificar/input_Username_username")): Object: 'Object Repository/Verificar/input_Username_username' is right clicked on

2018-12-18 20:30:50 - [MESSAGE][PASSED] - Object: 'Object Repository/Verificar/input_Username_username' is right clicked on

2018-12-18 20:30:50 - [TEST_STEP][PASSED] - setText(findTestObject("Object Repository/Verificar/input_Username_username"), "John Doe"): Text 'John Doe' is set on object 'Object Repository/Verificar/input_Username_username'

2018-12-18 20:30:50 - [MESSAGE][PASSED] - Text 'John Doe' is set on object 'Object Repository/Verificar/input_Username_username'

2018-12-18 20:30:50 - [TEST_STEP][PASSED] - rightClick(findTestObject("Object Repository/Verificar/input_Demo account_form-contro_1")): Object: 'Object Repository/Verificar/input_Demo account_form-contro_1' is right clicked on

2018-12-18 20:30:50 - [MESSAGE][PASSED] - Object: 'Object Repository/Verificar/input_Demo account_form-contro_1' is right clicked on

2018-12-18 20:30:50 - [TEST_STEP][PASSED] - setEncryptedText(findTestObject("Object Repository/Verificar/input_Password_password"), "g3/DOGG74jC3Flrr3yH+3D/yKbOqqUNM"): Text ****** has been set on object 'Object Repository/Verificar/input_Password_password'

2018-12-18 20:30:50 - [MESSAGE][PASSED] - Text ****** has been set on object 'Object Repository/Verificar/input_Password_password'

2018-12-18 20:30:50 - [TEST_STEP][PASSED] - click(findTestObject("Object Repository/Verificar/button_Login")): Object: 'Object Repository/Verificar/button_Login' is clicked on

2018-12-18 20:30:50 - [MESSAGE][PASSED] - Object: 'Object Repository/Verificar/button_Login' is clicked on

2018-12-18 20:30:50 - [TEST_STEP][PASSED] - selectOptionByValue(findTestObject("Object Repository/Verificar/select_Tokyo CURA Healthcare C"), "Seoul CURA Healthcare Center", true): All options with value 'Seoul CURA Healthcare Center' are selected in object 'Object Repository/Verificar/select_Tokyo CURA Healthcare C'  using regular expression

2018-12-18 20:30:51 - [MESSAGE][PASSED] - All options with value 'Seoul CURA Healthcare Center' are selected in object 'Object Repository/Verificar/select_Tokyo CURA Healthcare C'  using regular expression

2018-12-18 20:30:51 - [TEST_STEP][PASSED] - click(findTestObject("Object Repository/Verificar/input_Apply for hospital readm")): Object: 'Object Repository/Verificar/input_Apply for hospital readm' is clicked on

2018-12-18 20:30:51 - [MESSAGE][PASSED] - Object: 'Object Repository/Verificar/input_Apply for hospital readm' is clicked on

2018-12-18 20:30:51 - [TEST_STEP][PASSED] - click(findTestObject("Object Repository/Verificar/input_Medicaid_programs")): Object: 'Object Repository/Verificar/input_Medicaid_programs' is clicked on

2018-12-18 20:30:51 - [MESSAGE][PASSED] - Object: 'Object Repository/Verificar/input_Medicaid_programs' is clicked on

2018-12-18 20:30:51 - [TEST_STEP][PASSED] - click(findTestObject("Object Repository/Verificar/span_Visit Date (Required)_gly")): Object: 'Object Repository/Verificar/span_Visit Date (Required)_gly' is clicked on

2018-12-18 20:30:51 - [MESSAGE][PASSED] - Object: 'Object Repository/Verificar/span_Visit Date (Required)_gly' is clicked on

2018-12-18 20:30:51 - [TEST_STEP][PASSED] - click(findTestObject("Object Repository/Verificar/td_17")): Object: 'Object Repository/Verificar/td_17' is clicked on

2018-12-18 20:30:51 - [MESSAGE][PASSED] - Object: 'Object Repository/Verificar/td_17' is clicked on

2018-12-18 20:30:51 - [TEST_STEP][PASSED] - setText(findTestObject("Object Repository/Verificar/textarea_Comment_comment"), "Consulta"): Text 'Consulta' is set on object 'Object Repository/Verificar/textarea_Comment_comment'

2018-12-18 20:30:51 - [MESSAGE][PASSED] - Text 'Consulta' is set on object 'Object Repository/Verificar/textarea_Comment_comment'

2018-12-18 20:30:51 - [TEST_STEP][PASSED] - click(findTestObject("Object Repository/Verificar/button_Book Appointment")): Object: 'Object Repository/Verificar/button_Book Appointment' is clicked on

2018-12-18 20:30:52 - [MESSAGE][PASSED] - Object: 'Object Repository/Verificar/button_Book Appointment' is clicked on

2018-12-18 20:30:52 - [TEST_STEP][PASSED] - check(findTestObject("Object Repository/Verificar/div_Appointment Confirmation")): Object 'Object Repository/Verificar/div_Appointment Confirmation' is checked

2018-12-18 20:30:52 - [MESSAGE][PASSED] - Object 'Object Repository/Verificar/div_Appointment Confirmation' is checked

2018-12-18 20:30:52 - [TEST_STEP][PASSED] - click(findTestObject("Object Repository/Verificar/i_CURA Healthcare_fa fa-bars")): Object: 'Object Repository/Verificar/i_CURA Healthcare_fa fa-bars' is clicked on

2018-12-18 20:30:52 - [MESSAGE][PASSED] - Object: 'Object Repository/Verificar/i_CURA Healthcare_fa fa-bars' is clicked on

2018-12-18 20:30:52 - [TEST_STEP][PASSED] - click(findTestObject("Object Repository/Verificar/a_History")): Object: 'Object Repository/Verificar/a_History' is clicked on

2018-12-18 20:30:52 - [MESSAGE][PASSED] - Object: 'Object Repository/Verificar/a_History' is clicked on

2018-12-18 20:30:52 - [TEST_STEP][PASSED] - check(findTestObject("Object Repository/Verificar/div_17122018")): Object 'Object Repository/Verificar/div_17122018' is checked

2018-12-18 20:30:52 - [MESSAGE][PASSED] - Object 'Object Repository/Verificar/div_17122018' is checked

2018-12-18 20:30:52 - [TEST_STEP][PASSED] - click(findTestObject("Object Repository/Verificar/a_Go to Homepage")): Object: 'Object Repository/Verificar/a_Go to Homepage' is clicked on

2018-12-18 20:30:53 - [MESSAGE][PASSED] - Object: 'Object Repository/Verificar/a_Go to Homepage' is clicked on]]></system-out>
         <system-err><![CDATA[]]></system-err>
      </testcase>
      <system-out><![CDATA[2018-12-18 20:30:27 - [TEST_SUITE][PASSED] - TS01-CuraKatalon: Test Cases/TC03-VerificarConsulta]]></system-out>
      <system-err><![CDATA[]]></system-err>
   </testsuite>
</testsuites>
